proguard.cfg
-optimizationpasses 3
-dontusemixedcaseclassnames
-dontskipnonpubliclibraryclasses
-dontskipnonpubliclibraryclassmembers
-dontpreverify
-verbose
-optimizations !code/simplification/arithmetic,!field/*,!class/merging/*

-libraryjars libs/libspen23.jar

-dontwarn com.google.common.**
-dontwarn android.text.*
-dontwarn org.apache.commons.*
-dontwarn com.samsung.**
-dontwarn com.bst.**

# Activities, services and broadcast receivers are specified in the manifest file so they won't be automatically included
-keep public class * extends android.app.Activity
-keep public class * extends android.app.Application
-keep public class * extends android.app.Service
-keep public class * extends android.content.BroadcastReceiver
-keep public class * extends android.content.ContentProvider
-keep public class * extends android.app.backup.BackupAgentHelper
-keep public class * extends android.preference.Preference
-keep public class com.android.vending.licensing.ILicensingService

# Hold onto the mapping.text file, it can be used to unobfuscate stack traces in the developer console using the retrace tool
-printmapping mapping.txt

# Keep line numbers so they appear in the stack trace of the developer console
-keepattributes SourceFile,LineNumberTable,*Annotation*,EnclosingMethod,Signature

-keepclasseswithmembernames class * {
    native <methods>;
}

-keepclasseswithmembers class * {
    public <init>(android.content.Context, android.util.AttributeSet);
}

# Custom view components might be accessed from your layout files
-keepclasseswithmembers class * {
    public <init>(android.content.Context, android.util.AttributeSet, int);
}

# event handlers can be specified in the layout files e.g. android:onClick="nextButton_onClick"
-keepclassmembers class * extends android.app.Activity {
   public void *(android.view.View);
}

-keepclassmembers enum * {
    public static **[] values();
    public static ** valueOf(java.lang.String);
}

-keep class * implements android.os.Parcelable {
  public static final android.os.Parcelable$Creator *;
}