proguard/seeds.txt
com.samsung.spensdk.example.sammeditor.SPen_Example_VoiceRecorder
com.samsung.spensdk.example.sammeditor.SPen_Example_VoiceRecorder: SPen_Example_VoiceRecorder()
com.samsung.spensdk.example.scratchboard.SPen_Example_ScratchBoard
com.samsung.spensdk.example.scratchboard.SPen_Example_ScratchBoard: SPen_Example_ScratchBoard()
com.samsung.spensdk.example.scratcheffect.SPen_Example_ScratchEffect
com.samsung.spensdk.example.scratcheffect.SPen_Example_ScratchEffect: SPen_Example_ScratchEffect()
com.samsung.spensdk.example.settingview.SPen_Example_SettingView
com.samsung.spensdk.example.settingview.SPen_Example_SettingView: SPen_Example_SettingView()
com.samsung.spensdk.example.settingview_custom.SPen_Example_SettingViewCustom
com.samsung.spensdk.example.settingview_custom.SPen_Example_SettingViewCustom: SPen_Example_SettingViewCustom()
com.samsung.spensdk.example.signature.SPen_Example_Signature
com.samsung.spensdk.example.signature.SPen_Example_Signature: SPen_Example_Signature()
com.samsung.spensdk.example.signature.SPen_Example_SignatureRegistration
com.samsung.spensdk.example.signature.SPen_Example_SignatureRegistration: SPen_Example_SignatureRegistration()
com.samsung.spensdk.example.signature.SPen_Example_SignatureVerification
com.samsung.spensdk.example.signature.SPen_Example_SignatureVerification: SPen_Example_SignatureVerification()
com.samsung.spensdk.example.spenevent.SPen_Example_SPenEvent
com.samsung.spensdk.example.spenevent.SPen_Example_SPenEvent: SPen_Example_SPenEvent()
com.samsung.spensdk.example.spenevent_general.SPen_Example_SPenEventGeneral
com.samsung.spensdk.example.spenevent_general.SPen_Example_SPenEventGeneral: SPen_Example_SPenEventGeneral()
com.samsung.spensdk.example.spenhover_general.SPen_Example_SPenHoverPointerGeneral
com.samsung.spensdk.example.spenhover_general.SPen_Example_SPenHoverPointerGeneral: SPen_Example_SPenHoverPointerGeneral()
com.samsung.spensdk.example.spenhover_general.SPen_Example_SPenHoverPopupGeneral
com.samsung.spensdk.example.spenhover_general.SPen_Example_SPenHoverPopupGeneral: SPen_Example_SPenHoverPopupGeneral()
com.samsung.spensdk.example.startup.SPen_Example_StartUp
com.samsung.spensdk.example.startup.SPen_Example_StartUp: SPen_Example_StartUp()
com.samsung.spensdk.example.tools.OnFileSelectedListener
com.samsung.spensdk.example.tools.OnFileSelectedListener: void onSelected(java.lang.String,java.lang.String)
com.samsung.spensdk.example.tools.PreferencesOfAnimationOption
com.samsung.spensdk.example.tools.PreferencesOfAnimationOption: PreferencesOfAnimationOption()
com.samsung.spensdk.example.tools.PreferencesOfOtherOption
com.samsung.spensdk.example.tools.PreferencesOfOtherOption: PreferencesOfOtherOption()
com.samsung.spensdk.example.tools.PreferencesOfSAMMOption
com.samsung.spensdk.example.tools.PreferencesOfSAMMOption: PreferencesOfSAMMOption()
com.samsung.spensdk.example.tools.SAMMFileListViewOld
com.samsung.spensdk.example.tools.SAMMFileListViewOld: SAMMFileListViewOld(android.content.Context,android.util.AttributeSet,int)
com.samsung.spensdk.example.tools.SAMMFileListViewOld: SAMMFileListViewOld(android.content.Context,android.util.AttributeSet)
com.samsung.spensdk.example.tools.SAMMFileListViewOld$OnSAMMFileSelectedListener
com.samsung.spensdk.example.tools.SAMMFileListViewOld$OnSAMMFileSelectedListener: void onSelected(java.lang.String,java.lang.String)
com.samsung.spensdk.example.tools.ToolAudioListView
com.samsung.spensdk.example.tools.ToolAudioListView: ToolAudioListView()
com.samsung.spensdk.example.tools.ToolColorPickerDialog$OnColorChangedListener
com.samsung.spensdk.example.tools.ToolColorPickerDialog$OnColorChangedListener: void colorChanged(int)