proguard/mapping.txt
com.google.common.reflect.TypeToken$TypeFilter$1 -> com.a.a.g.h$1:
    589:589:boolean apply(java.lang.Object) -> a
com.google.common.reflect.TypeToken$TypeFilter$2 -> com.a.a.g.h$2:
    595:595:boolean apply(java.lang.Object) -> a
com.google.common.reflect.TypeToken$TypeSet -> com.a.a.g.i:
    com.google.common.collect.ImmutableSet types -> b
    com.google.common.reflect.TypeToken this$0 -> a
    471:481:java.util.Set delegate() -> c
    489:491:java.util.Set rawTypes() -> d
    454:454:java.util.Collection delegate() -> a
    454:454:java.lang.Object delegate() -> b
com.google.common.reflect.Types -> com.a.a.g.j:
    com.google.common.base.Function TYPE_TO_STRING -> a
    com.google.common.base.Joiner COMMA_JOINER -> b
    63:75:java.lang.reflect.Type newArrayType(java.lang.reflect.Type) -> a
    84:90:java.lang.reflect.ParameterizedType newParameterizedTypeWithOwner(java.lang.reflect.Type,java.lang.Class,java.lang.reflect.Type[]) -> a
    148:148:java.lang.reflect.TypeVariable newTypeVariable(java.lang.reflect.GenericDeclaration,java.lang.String,java.lang.reflect.Type[]) -> a
    176:176:java.lang.String toString(java.lang.reflect.Type) -> b
    467:467:java.lang.Class getArrayClass(java.lang.Class) -> a
    49:49:void access$100(java.lang.reflect.Type[],java.lang.String) -> a
    49:49:java.lang.reflect.Type[] access$200(java.util.Collection) -> a
    49:49:com.google.common.base.Function access$300() -> a
    49:49:com.google.common.base.Joiner access$400() -> b
    49:49:java.lang.Iterable access$500(java.lang.Iterable) -> a
com.google.common.reflect.Types$1 -> com.a.a.g.j$1:
    53:53:java.lang.Object apply(java.lang.Object) -> a
com.google.common.reflect.Types$ClassOwnership -> com.a.a.g.k:
    com.google.common.reflect.Types$ClassOwnership OWNED_BY_ENCLOSING_CLASS -> a
    com.google.common.reflect.Types$ClassOwnership LOCAL_CLASS_HAS_NO_OWNER -> b
    com.google.common.reflect.Types$ClassOwnership JVM_BEHAVIOR -> c
    com.google.common.reflect.Types$ClassOwnership[] $VALUES -> d
    103:103:com.google.common.reflect.Types$ClassOwnership[] values() -> values
    103:103:com.google.common.reflect.Types$ClassOwnership valueOf(java.lang.String) -> valueOf
    java.lang.Class getOwnerType(java.lang.Class) -> a
com.google.common.reflect.Types$ClassOwnership$1 -> com.a.a.g.k$1:
    109:109:java.lang.Class getOwnerType(java.lang.Class) -> a
com.google.common.reflect.Types$ClassOwnership$1LocalClass -> com.a.a.g.k$a:
com.google.common.reflect.Types$ClassOwnership$2 -> com.a.a.g.k$2:
    116:119:java.lang.Class getOwnerType(java.lang.Class) -> a
com.google.common.reflect.Types$ClassOwnership$3 -> com.a.a.g.k$3:
com.google.common.reflect.Types$GenericArrayTypeImpl -> com.a.a.g.l:
    java.lang.reflect.Type componentType -> a
    255:255:java.lang.reflect.Type getGenericComponentType() -> getGenericComponentType
    259:259:java.lang.String toString() -> toString
    263:263:int hashCode() -> hashCode
    267:272:boolean equals(java.lang.Object) -> equals
com.google.common.reflect.Types$JavaVersion -> com.a.a.g.m:
    com.google.common.reflect.Types$JavaVersion JAVA6 -> a
    com.google.common.reflect.Types$JavaVersion JAVA7 -> b
    com.google.common.reflect.Types$JavaVersion CURRENT -> c
    com.google.common.reflect.Types$JavaVersion[] $VALUES -> d
    471:471:com.google.common.reflect.Types$JavaVersion[] values() -> values
    471:471:com.google.common.reflect.Types$JavaVersion valueOf(java.lang.String) -> valueOf
    java.lang.reflect.Type newArrayType(java.lang.reflect.Type) -> a
    java.lang.reflect.Type usedInGenericType(java.lang.reflect.Type) -> b
    509:513:com.google.common.collect.ImmutableList usedInGenericType(java.lang.reflect.Type[]) -> a
com.google.common.reflect.Types$JavaVersion$1 -> com.a.a.g.m$1: