proguard/usage.txt
com.samsung.spensdk.example.tools.ToolHoverPopup$HoverPopupContainer:
    static final java.lang.String TAG
    static final boolean DEBUG
    1075:1089:protected boolean pointInValidPaddingArea(int,int)
com.samsung.spensdk.example.tools.ToolListActivity:
    public static final java.lang.String EXTRA_LIST_PATH
    public static final java.lang.String EXTRA_FILE_EXT_ARRAY
    public static final java.lang.String EXTRA_SELECTED_FILE
    public static final java.lang.String EXTRA_SEARCH_ONLY_SAMM_FILE
com.samsung.spensdk.example.tools.ToolStampList$ImageGridAdapter:
    124:125:public void updateDisplay()
com.samsung.spensdk.example.tools.ToolTextDialogInput:
    public static final java.lang.String TEXT_DIALOG_INPUT
org.apache.commons.pool.BaseKeyedObjectPool
org.apache.commons.pool.BaseKeyedPoolableObjectFactory
org.apache.commons.pool.BaseObjectPool
org.apache.commons.pool.BasePoolableObjectFactory
org.apache.commons.pool.KeyedObjectPool
org.apache.commons.pool.KeyedObjectPoolFactory
org.apache.commons.pool.KeyedPoolableObjectFactory
org.apache.commons.pool.ObjectPool
org.apache.commons.pool.ObjectPoolFactory
org.apache.commons.pool.PoolUtils
org.apache.commons.pool.PoolUtils$CheckedKeyedObjectPool
org.apache.commons.pool.PoolUtils$CheckedObjectPool
org.apache.commons.pool.PoolUtils$ErodingFactor
org.apache.commons.pool.PoolUtils$ErodingKeyedObjectPool
org.apache.commons.pool.PoolUtils$ErodingObjectPool
org.apache.commons.pool.PoolUtils$ErodingPerKeyKeyedObjectPool
org.apache.commons.pool.PoolUtils$KeyedObjectPoolAdaptor
org.apache.commons.pool.PoolUtils$KeyedObjectPoolMinIdleTimerTask
org.apache.commons.pool.PoolUtils$KeyedPoolableObjectFactoryAdaptor
org.apache.commons.pool.PoolUtils$ObjectPoolAdaptor
org.apache.commons.pool.PoolUtils$ObjectPoolMinIdleTimerTask
org.apache.commons.pool.PoolUtils$PoolableObjectFactoryAdaptor
org.apache.commons.pool.PoolUtils$SynchronizedKeyedObjectPool
org.apache.commons.pool.PoolUtils$SynchronizedKeyedPoolableObjectFactory
org.apache.commons.pool.PoolUtils$SynchronizedObjectPool
org.apache.commons.pool.PoolUtils$SynchronizedPoolableObjectFactory
org.apache.commons.pool.PoolableObjectFactory
org.apache.commons.pool.impl.CursorableLinkedList
org.apache.commons.pool.impl.CursorableLinkedList$Cursor
org.apache.commons.pool.impl.CursorableLinkedList$ListIter
org.apache.commons.pool.impl.CursorableLinkedList$Listable
org.apache.commons.pool.impl.CursorableSubList
org.apache.commons.pool.impl.EvictionTimer
org.apache.commons.pool.impl.EvictionTimer$1
org.apache.commons.pool.impl.EvictionTimer$PrivilegedGetTccl
org.apache.commons.pool.impl.EvictionTimer$PrivilegedSetTccl
org.apache.commons.pool.impl.GenericKeyedObjectPool
org.apache.commons.pool.impl.GenericKeyedObjectPool$1
org.apache.commons.pool.impl.GenericKeyedObjectPool$Config
org.apache.commons.pool.impl.GenericKeyedObjectPool$Evictor
org.apache.commons.pool.impl.GenericKeyedObjectPool$Latch
org.apache.commons.pool.impl.GenericKeyedObjectPool$ObjectQueue
org.apache.commons.pool.impl.GenericKeyedObjectPool$ObjectTimestampPair
org.apache.commons.pool.impl.GenericKeyedObjectPoolFactory
org.apache.commons.pool.impl.GenericObjectPool
org.apache.commons.pool.impl.GenericObjectPool$1
org.apache.commons.pool.impl.GenericObjectPool$Config
org.apache.commons.pool.impl.GenericObjectPool$Evictor
org.apache.commons.pool.impl.GenericObjectPool$Latch
org.apache.commons.pool.impl.GenericObjectPoolFactory
org.apache.commons.pool.impl.SoftReferenceObjectPool
org.apache.commons.pool.impl.StackKeyedObjectPool
org.apache.commons.pool.impl.StackKeyedObjectPoolFactory
org.apache.commons.pool.impl.StackObjectPool
org.apache.commons.pool.impl.StackObjectPoolFactory
org.ccil.cowan.tagsoup.AttributesImpl
org.ccil.cowan.tagsoup.AutoDetector
org.ccil.cowan.tagsoup.CommandLine
org.ccil.cowan.tagsoup.Element
org.ccil.cowan.tagsoup.ElementType
org.ccil.cowan.tagsoup.HTMLModels
org.ccil.cowan.tagsoup.HTMLScanner
org.ccil.cowan.tagsoup.HTMLSchema